  Scene.cpp
c:\users\daniel\documents\github\apeengine\apeengine\framework\apepch.h(48): fatal error C1083: Cannot open include file: 'boost\uuid\uuid.hpp': No such file or directory
  UserInterface.cpp
c:\users\daniel\documents\github\apeengine\apeengine\framework\apepch.h(48): fatal error C1083: Cannot open include file: 'boost\uuid\uuid.hpp': No such file or directory
  TextureShader.cpp
  Texture.cpp
c:\users\daniel\documents\github\apeengine\apeengine\framework\apepch.h(48): fatal error C1083: Cannot open include file: 'boost\uuid\uuid.hpp': No such file or directory
  Text.cpp
c:\users\daniel\documents\github\apeengine\apeengine\framework\apepch.h(48): fatal error C1083: Cannot open include file: 'boost\uuid\uuid.hpp': No such file or directory
  System.cpp
c:\users\daniel\documents\github\apeengine\apeengine\framework\apepch.h(48): fatal error C1083: Cannot open include file: 'boost\uuid\uuid.hpp': No such file or directory
  Model.cpp
c:\users\daniel\documents\github\apeengine\apeengine\framework\apepch.h(48): fatal error C1083: Cannot open include file: 'boost\uuid\uuid.hpp': No such file or directory
  main.cpp
c:\users\daniel\documents\github\apeengine\apeengine\framework\apepch.h(48): fatal error C1083: Cannot open include file: 'boost\uuid\uuid.hpp': No such file or directory
  LightShader.cpp
  Light.cpp
  Input.cpp
c:\users\daniel\documents\github\apeengine\apeengine\framework\apepch.h(48): fatal error C1083: Cannot open include file: 'boost\uuid\uuid.hpp': No such file or directory
  Graphics.cpp
  FontShader.cpp
  apeFont.cpp
c:\users\daniel\documents\github\apeengine\apeengine\framework\apepch.h(48): fatal error C1083: Cannot open include file: 'boost\uuid\uuid.hpp': No such file or directory
  TerrainCells.cpp
  Terrain.cpp
c:\users\daniel\documents\github\apeengine\apeengine\terrain\terrain.cpp(272): warning C4244: 'initializing': conversion from 'unsigned __int64' to 'unsigned int', possible loss of data
c:\users\daniel\documents\github\apeengine\apeengine\terrain\terrain.cpp(279): warning C4244: 'argument': conversion from 'unsigned __int64' to 'size_t', possible loss of data
  ShaderManager.cpp
  Position.cpp
  Frustrum.cpp
  D3DManager.cpp
  Generating Code...
  Compiling...
  ColorShader.cpp
  Camera.cpp
  Timer.cpp
c:\users\daniel\documents\github\apeengine\apeengine\framework\apepch.h(48): fatal error C1083: Cannot open include file: 'boost\uuid\uuid.hpp': No such file or directory
  ApeMatrix.cpp
  TextureManager.cpp
c:\users\daniel\documents\github\apeengine\apeengine\framework\apepch.h(48): fatal error C1083: Cannot open include file: 'boost\uuid\uuid.hpp': No such file or directory
  TerrainShader.cpp
  SkydomeShader.cpp
  Skydome.cpp
  MouseCursor.cpp
c:\users\daniel\documents\github\apeengine\apeengine\framework\apepch.h(48): fatal error C1083: Cannot open include file: 'boost\uuid\uuid.hpp': No such file or directory
  ModelList.cpp
  MiniMap.cpp
c:\users\daniel\documents\github\apeengine\apeengine\framework\apepch.h(48): fatal error C1083: Cannot open include file: 'boost\uuid\uuid.hpp': No such file or directory
  FramesPerSec.cpp
  ApeFloat4.cpp
  RenderTexture.cpp
  OrthoWindow.cpp
  DeferredBuffers.cpp
c:\users\daniel\documents\github\apeengine\apeengine\framework\apepch.h(48): fatal error C1083: Cannot open include file: 'boost\uuid\uuid.hpp': No such file or directory
  GlobalStructs.cpp
c:\users\daniel\documents\github\apeengine\apeengine\framework\apepch.h(48): fatal error C1083: Cannot open include file: 'boost\uuid\uuid.hpp': No such file or directory
  DeferredShader.cpp
c:\users\daniel\documents\github\apeengine\apeengine\framework\apepch.h(48): fatal error C1083: Cannot open include file: 'boost\uuid\uuid.hpp': No such file or directory
  Bitmap.cpp
c:\users\daniel\documents\github\apeengine\apeengine\framework\apepch.h(48): fatal error C1083: Cannot open include file: 'boost\uuid\uuid.hpp': No such file or directory
  Application.cpp
c:\users\daniel\documents\github\apeengine\apeengine\framework\apepch.h(48): fatal error C1083: Cannot open include file: 'boost\uuid\uuid.hpp': No such file or directory
  Generating Code...
  Compiling...
  ApePCH.cpp
c:\users\daniel\documents\github\apeengine\apeengine\framework\apepch.h(48): fatal error C1083: Cannot open include file: 'boost\uuid\uuid.hpp': No such file or directory
  ApeTexture.cpp
c:\users\daniel\documents\github\apeengine\apeengine\framework\apepch.h(48): fatal error C1083: Cannot open include file: 'boost\uuid\uuid.hpp': No such file or directory
  Materials.cpp
c:\users\daniel\documents\github\apeengine\apeengine\framework\apepch.h(48): fatal error C1083: Cannot open include file: 'boost\uuid\uuid.hpp': No such file or directory
  Generating Code...
